<?xml version="1.0" encoding="UTF-8" ?>
<testsuite tests="2" failures="0" name="com.fundWeightCalculator.FundWeightCalculatorProject.PortfolioFundManagerTest" time="0.013" errors="0" skipped="0">
  <properties>
[...]
</properties>
  <testcase classname="com.fundWeightCalculator.FundWeightCalculatorProject.PortfolioFundManagerTest" name="findEmvWeightedReturnOfPortFolio" time="0.011"/>
  <testcase classname="com.fundWeightCalculator.FundWeightCalculatorProject.PortfolioFundManagerTest" name="findFundWeightOfPortFolio" time="0.002"/>
</testsuite>